<?xml version="1.0" encoding="utf-8"?><testsuites name="pytest tests"><testsuite name="pytest" errors="0" failures="2" skipped="0" tests="10" time="3.520" timestamp="2026-04-01T18:03:41.793759+00:00" hostname="agent-env-8300c146-a21c-434f-9b79-2763ec0c5e80"><testcase classname="backend.tests.test_iteration3_features.TestAuthFlows" name="test_login_investor_account" time="0.556" /><testcase classname="backend.tests.test_iteration3_features.TestAuthFlows" name="test_login_founder_account" time="0.418" /><testcase classname="backend.tests.test_iteration3_features.TestAuthFlows" name="test_signup_with_investor_role" time="0.139"><failure message="AssertionError: Signup failed: {&quot;detail&quot;:[{&quot;type&quot;:&quot;missing&quot;,&quot;loc&quot;:[&quot;body&quot;,&quot;full_name&quot;],&quot;msg&quot;:&quot;Field required&quot;,&quot;input&quot;:{&quot;email&quot;:&quot;test_investor_6d35d695@test.com&quot;,&quot;password&quot;:&quot;testpass123&quot;,&quot;name&quot;:&quot;Test Investor&quot;,&quot;role&quot;:&quot;investor&quot;},&quot;url&quot;:&quot;https://errors.pydantic.dev/2.12/v/missing&quot;},{&quot;type&quot;:&quot;missing&quot;,&quot;loc&quot;:[&quot;body&quot;,&quot;country&quot;],&quot;msg&quot;:&quot;Field required&quot;,&quot;input&quot;:{&quot;email&quot;:&quot;test_investor_6d35d695@test.com&quot;,&quot;password&quot;:&quot;testpass123&quot;,&quot;name&quot;:&quot;Test Investor&quot;,&quot;role&quot;:&quot;investor&quot;},&quot;url&quot;:&quot;https://errors.pydantic.dev/2.12/v/missing&quot;}]}&#10;assert 422 == 200&#10; +  where 422 = &lt;Response [422]&gt;.status_code">backend/tests/test_iteration3_features.py:65: in test_signup_with_investor_role
    assert response.status_code == 200, f"Signup failed: {response.text}"
E   AssertionError: Signup failed: {"detail":[{"type":"missing","loc":["body","full_name"],"msg":"Field required","input":{"email":"test_investor_6d35d695@test.com","password":"testpass123","name":"Test Investor","role":"investor"},"url":"https://errors.pydantic.dev/2.12/v/missing"},{"type":"missing","loc":["body","country"],"msg":"Field required","input":{"email":"test_investor_6d35d695@test.com","password":"testpass123","name":"Test Investor","role":"investor"},"url":"https://errors.pydantic.dev/2.12/v/missing"}]}
E   assert 422 == 200
E    +  where 422 = &lt;Response [422]&gt;.status_code</failure></testcase><testcase classname="backend.tests.test_iteration3_features.TestAuthFlows" name="test_signup_with_business_role" time="0.128"><failure message="AssertionError: Signup failed: {&quot;detail&quot;:[{&quot;type&quot;:&quot;missing&quot;,&quot;loc&quot;:[&quot;body&quot;,&quot;full_name&quot;],&quot;msg&quot;:&quot;Field required&quot;,&quot;input&quot;:{&quot;email&quot;:&quot;test_founder_f43953ca@test.com&quot;,&quot;password&quot;:&quot;testpass123&quot;,&quot;name&quot;:&quot;Test Founder&quot;,&quot;role&quot;:&quot;business&quot;},&quot;url&quot;:&quot;https://errors.pydantic.dev/2.12/v/missing&quot;},{&quot;type&quot;:&quot;missing&quot;,&quot;loc&quot;:[&quot;body&quot;,&quot;country&quot;],&quot;msg&quot;:&quot;Field required&quot;,&quot;input&quot;:{&quot;email&quot;:&quot;test_founder_f43953ca@test.com&quot;,&quot;password&quot;:&quot;testpass123&quot;,&quot;name&quot;:&quot;Test Founder&quot;,&quot;role&quot;:&quot;business&quot;},&quot;url&quot;:&quot;https://errors.pydantic.dev/2.12/v/missing&quot;}]}&#10;assert 422 == 200&#10; +  where 422 = &lt;Response [422]&gt;.status_code">backend/tests/test_iteration3_features.py:79: in test_signup_with_business_role
    assert response.status_code == 200, f"Signup failed: {response.text}"
E   AssertionError: Signup failed: {"detail":[{"type":"missing","loc":["body","full_name"],"msg":"Field required","input":{"email":"test_founder_f43953ca@test.com","password":"testpass123","name":"Test Founder","role":"business"},"url":"https://errors.pydantic.dev/2.12/v/missing"},{"type":"missing","loc":["body","country"],"msg":"Field required","input":{"email":"test_founder_f43953ca@test.com","password":"testpass123","name":"Test Founder","role":"business"},"url":"https://errors.pydantic.dev/2.12/v/missing"}]}
E   assert 422 == 200
E    +  where 422 = &lt;Response [422]&gt;.status_code</failure></testcase><testcase classname="backend.tests.test_iteration3_features.TestBankAccountRequirement" name="test_get_bank_accounts_endpoint" time="0.516" /><testcase classname="backend.tests.test_iteration3_features.TestBankAccountRequirement" name="test_create_bank_account" time="0.493" /><testcase classname="backend.tests.test_iteration3_features.TestCompaniesEndpoint" name="test_get_my_companies" time="0.554" /><testcase classname="backend.tests.test_iteration3_features.TestThesisEndpoints" name="test_get_theses_list" time="0.110" /><testcase classname="backend.tests.test_iteration3_features.TestThesisEndpoints" name="test_get_thesis_detail" time="0.273" /><testcase classname="backend.tests.test_iteration3_features.TestDiscussionsEndpoint" name="test_get_discussions_for_thesis" time="0.223" /></testsuite></testsuites>